#
# A fatal error has been detected by the Java Runtime Environment:
#
#  EXCEPTION_ACCESS_VIOLATION (0xc0000005) at pc=0x00007ffd9abf4c09, pid=11360, tid=8776
#
# JRE version: Java(TM) SE Runtime Environment (17.0.12+8) (build 17.0.12+8-LTS-286)
# Java VM: Java HotSpot(TM) 64-Bit Server VM (17.0.12+8-LTS-286, mixed mode, sharing, tiered, compressed oops, compressed class ptrs, g1 gc, windows-amd64)
# Problematic frame:
# V  [jvm.dll+0x304c09]
#
# No core dump will be written. Minidumps are not enabled by default on client versions of Windows
#
# If you would like to submit a bug report, please visit:
#   https://bugreport.java.com/bugreport/crash.jsp
#

---------------  S U M M A R Y ------------

Command Line: -Dfile.encoding=UTF-8 --module-path=C:\Users\Adrian\Documents\NetBeansProjects\JaoSalud\build\classes View.Recepcionista

Host: Intel(R) Core(TM) i3-5005U CPU @ 2.00GHz, 4 cores, 7G,  Windows 10 , 64 bit Build 19041 (10.0.19041.5438)
Time: Sat Mar 22 14:51:38 2025 Hora est. Pacífico, Sudamérica elapsed time: 5.617650 seconds (0d 0h 0m 5s)

---------------  T H R E A D  ---------------

Current thread (0x000002346c62e5b0):  GCTaskThread "GC Thread#1" [stack: 0x000000a0bfb00000,0x000000a0bfc00000] [id=8776]

Stack: [0x000000a0bfb00000,0x000000a0bfc00000],  sp=0x000000a0bfbff6c0,  free space=1021k
Native frames: (J=compiled Java code, j=interpreted, Vv=VM code, C=native code)
V  [jvm.dll+0x304c09]
V  [jvm.dll+0x30190e]
V  [jvm.dll+0x314b55]
V  [jvm.dll+0x315305]
V  [jvm.dll+0x314fdb]
V  [jvm.dll+0x2dc634]
V  [jvm.dll+0x2ddf0b]
V  [jvm.dll+0x80832b]
V  [jvm.dll+0x808376]
V  [jvm.dll+0x78abea]
V  [jvm.dll+0x678f35]
C  [ucrtbase.dll+0x21bb2]
C  [KERNEL32.DLL+0x17374]
C  [ntdll.dll+0x4cc91]


siginfo: EXCEPTION_ACCESS_VIOLATION (0xc0000005), reading address 0x0000000000008000


Registers:
RAX=0x0000000000000000, RBX=0x0000000088506dc1, RCX=0x0000000000000014, RDX=0x0000000000000000
RSP=0x000000a0bfbff6c0, RBP=0x0000000000000254, RSI=0x0000000088506dc0, RDI=0x000002346c62f030
R8 =0x0000000088506db0, R9 =0x00007ffd9a8f0000, R10=0x0000000000008000, R11=0x00007ffde36215d5
R12=0x000002346b2fc5b0, R13=0x000000a0be8fe728, R14=0x0000000000000040, R15=0x0000000000000000
RIP=0x00007ffd9abf4c09, EFLAGS=0x0000000000010246


Register to memory mapping:

RIP=0x00007ffd9abf4c09 jvm.dll
RAX=0x0 is NULL
RBX=0x0000000088506dc1 is pointing into object: java.lang.Class$ReflectionData 
{0x0000000088506db0} - klass: 'java/lang/Class$ReflectionData'
 - ---- fields (total size 8 words):
 - final 'redefinedCount' 'I' @12  0
 - volatile 'declaredFields' '[Ljava/lang/reflect/Field;' @16  
[error occurred during error reporting (printing register info), id 0xc0000005, EXCEPTION_ACCESS_VIOLATION (0xc0000005) at pc=0x00007ffd9ac7eb3e]

Top of Stack: (sp=0x000000a0bfbff6c0)
0x000000a0bfbff6c0:   0000000088930000 0000000000000001
0x000000a0bfbff6d0:   0000000000000008 0000000000000001
0x000000a0bfbff6e0:   0000000000000020 000002346c6d5d80
0x000000a0bfbff6f0:   000002346c6d5e50 0000027ff8000000
0x000000a0bfbff700:   0000000000000001 00007ffd9abf190e
0x000000a0bfbff710:   0000019a75693613 000002346c62f030
0x000000a0bfbff720:   000002346c6d5d80 000000a0be8fe728
0x000000a0bfbff730:   00000000035596ea 0000000297b0126c
0x000000a0bfbff740:   0000027ff8000000 0000000000000001
0x000000a0bfbff750:   000002346b2fc5b8 00007ffd9ac04b55
0x000000a0bfbff760:   0000000000000000 0000000000000001
0x000000a0bfbff770:   0000000000000008 0000007349593a01
0x000000a0bfbff780:   0000000000000004 00007ffd9ac05305
0x000000a0bfbff790:   000002346b2fc5b8 000000a0be8fe620
0x000000a0bfbff7a0:   000002346c62e200 00007ffd9abe7da2
0x000000a0bfbff7b0:   000000a0bfbff801 00007ffd9abe5da2 

Instructions: (pc=0x00007ffd9abf4c09)
0x00007ffd9abf4b09:   ff 48 8d 53 fe 48 8b cf e8 aa f6 ff ff e9 35 fd
0x00007ffd9abf4b19:   ff ff 0f 1f 44 00 00 48 8b 77 10 8b ae 80 00 00
0x00007ffd9abf4b29:   00 8b cd 8b 86 00 01 00 00 2b c8 81 e1 ff ff 01
0x00007ffd9abf4b39:   00 41 3b ce 0f 86 e9 02 00 00 ff cd 81 e5 ff ff
0x00007ffd9abf4b49:   01 00 89 ae 80 00 00 00 e8 ba 6c 36 00 90 8b d5
0x00007ffd9abf4b59:   8b 86 00 01 00 00 8b cd 48 8b 9e 80 01 00 00 2b
0x00007ffd9abf4b69:   c8 81 e1 ff ff 01 00 81 f9 ff ff 01 00 48 8b 1c
0x00007ffd9abf4b79:   eb 41 0f 44 cf 85 c9 75 3d 90 89 6c 24 50 48 8b
0x00007ffd9abf4b89:   86 00 01 00 00 48 8b c8 48 c1 e9 20 ff c1 89 4c
0x00007ffd9abf4b99:   24 54 3b e8 0f 85 77 02 00 00 48 c1 e1 20 48 0b
0x00007ffd9abf4ba9:   ca f0 48 0f b1 8e 00 01 00 00 0f 85 61 02 00 00
0x00007ffd9abf4bb9:   8b 86 00 01 00 00 f6 c3 01 0f 84 2f 01 00 00 8b
0x00007ffd9abf4bc9:   0d ea c6 79 00 48 8d 73 ff 48 8b 47 08 44 8b 16
0x00007ffd9abf4bd9:   49 d3 e2 4c 03 15 cd c6 79 00 8b 88 90 05 00 00
0x00007ffd9abf4be9:   49 8b d2 48 8b 80 80 05 00 00 48 d3 ea 0f b7 14
0x00007ffd9abf4bf9:   50 0f b7 c2 66 c1 e8 08 84 c0 0f 88 17 ff ff ff
0x00007ffd9abf4c09:   4d 8b 02 41 0f b6 c0 24 03 3c 03 75 1e 44 38 3d
0x00007ffd9abf4c19:   c4 43 80 00 74 0f 41 0f b6 c0 24 07 3c 05 75 05
0x00007ffd9abf4c29:   4d 8b c7 eb 17 49 83 e0 fc eb 11 4d 8b c8 48 8b
0x00007ffd9abf4c39:   cf 4d 8b c2 e8 be f0 ff ff 4c 8b c0 8b 0d 6d c6
0x00007ffd9abf4c49:   79 00 49 8b d0 48 2b 15 5b c6 79 00 48 d3 ea 89
0x00007ffd9abf4c59:   16 48 8b d6 8b 0d 0d 4c 80 00 49 33 d0 48 d3 ea
0x00007ffd9abf4c69:   48 85 d2 0f 84 ae fe ff ff 48 8b 47 08 48 8b d6
0x00007ffd9abf4c79:   8b 88 c0 01 00 00 48 8b 80 b0 01 00 00 48 d3 ea
0x00007ffd9abf4c89:   48 8b 0c d0 8b 81 94 00 00 00 d1 e8 a8 01 0f 85
0x00007ffd9abf4c99:   83 fe ff ff 48 8b 47 08 8b 88 90 05 00 00 48 8b
0x00007ffd9abf4ca9:   80 80 05 00 00 49 d3 e8 46 38 3c 40 0f 84 65 fe
0x00007ffd9abf4cb9:   ff ff 48 8b 47 60 48 c1 ee 09 48 8b 58 40 48 8b
0x00007ffd9abf4cc9:   48 38 48 03 de 48 2b d9 48 39 9f b0 01 00 00 0f
0x00007ffd9abf4cd9:   84 42 fe ff ff 48 8d 14 19 48 8d 4f 18 e8 45 40
0x00007ffd9abf4ce9:   00 00 48 89 9f b0 01 00 00 e9 29 fe ff ff f6 c3
0x00007ffd9abf4cf9:   03 0f 85 09 01 00 00 48 8b 47 08 4c 8b 13 49 8b 


Stack slot to memory mapping:
stack at sp + 0 slots: 0x0000000088930000 is pointing into object: [B 
{0x000000008892fc58} - klass: {type array byte}
 - length: 4151
stack at sp + 1 slots: 0x0000000000000001 is an unknown value
stack at sp + 2 slots: 0x0000000000000008 is an unknown value
stack at sp + 3 slots: 0x0000000000000001 is an unknown value
stack at sp + 4 slots: 0x0000000000000020 is an unknown value
stack at sp + 5 slots: 0x000002346c6d5d80 is a global jni handle
stack at sp + 6 slots: 0x000002346c6d5e50 is a global jni handle
stack at sp + 7 slots: 0x0000027ff8000000 is an unknown value


---------------  P R O C E S S  ---------------

Threads class SMR info:
_java_thread_list=0x000002346c8216c0, length=17, elements={
0x0000023466ab7680, 0x0000023466ab8150, 0x0000023466ac7fc0, 0x0000023466ac8890,
0x0000023466ac9160, 0x0000023466acbe40, 0x0000023466ad7b50, 0x0000023466ad9ee0,
0x0000023466b1d5f0, 0x000002346b099670, 0x000002346b1acac0, 0x000002346b17eaa0,
0x000002346b17ef80, 0x000002346b17f460, 0x000002346b390720, 0x0000023447282790,
0x000002346c37cb60
}

Java Threads: ( => current thread )
  0x0000023466ab7680 JavaThread "Reference Handler" daemon [_thread_blocked, id=6128, stack(0x000000a0be900000,0x000000a0bea00000)]
  0x0000023466ab8150 JavaThread "Finalizer" daemon [_thread_blocked, id=11348, stack(0x000000a0bea00000,0x000000a0beb00000)]
  0x0000023466ac7fc0 JavaThread "Signal Dispatcher" daemon [_thread_blocked, id=11188, stack(0x000000a0beb00000,0x000000a0bec00000)]
  0x0000023466ac8890 JavaThread "Attach Listener" daemon [_thread_blocked, id=7208, stack(0x000000a0bec00000,0x000000a0bed00000)]
  0x0000023466ac9160 JavaThread "Service Thread" daemon [_thread_blocked, id=1232, stack(0x000000a0bed00000,0x000000a0bee00000)]
  0x0000023466acbe40 JavaThread "Monitor Deflation Thread" daemon [_thread_blocked, id=2220, stack(0x000000a0bee00000,0x000000a0bef00000)]
  0x0000023466ad7b50 JavaThread "C2 CompilerThread0" daemon [_thread_blocked, id=5436, stack(0x000000a0bef00000,0x000000a0bf000000)]
  0x0000023466ad9ee0 JavaThread "C1 CompilerThread0" daemon [_thread_blocked, id=11900, stack(0x000000a0bf000000,0x000000a0bf100000)]
  0x0000023466b1d5f0 JavaThread "Sweeper thread" daemon [_thread_blocked, id=8980, stack(0x000000a0bf100000,0x000000a0bf200000)]
  0x000002346b099670 JavaThread "Common-Cleaner" daemon [_thread_blocked, id=11068, stack(0x000000a0bf200000,0x000000a0bf300000)]
  0x000002346b1acac0 JavaThread "Notification Thread" daemon [_thread_blocked, id=8476, stack(0x000000a0bf300000,0x000000a0bf400000)]
  0x000002346b17eaa0 JavaThread "Java2D Disposer" daemon [_thread_blocked, id=844, stack(0x000000a0bf500000,0x000000a0bf600000)]
  0x000002346b17ef80 JavaThread "AWT-Shutdown" [_thread_blocked, id=7068, stack(0x000000a0bf600000,0x000000a0bf700000)]
  0x000002346b17f460 JavaThread "AWT-Windows" daemon [_thread_blocked, id=2056, stack(0x000000a0bf700000,0x000000a0bf800000)]
  0x000002346b390720 JavaThread "AWT-EventQueue-0" [_thread_blocked, id=5352, stack(0x000000a0bf800000,0x000000a0bf900000)]
  0x0000023447282790 JavaThread "DestroyJavaVM" [_thread_blocked, id=4760, stack(0x000000a0be200000,0x000000a0be300000)]
  0x000002346c37cb60 JavaThread "Image Fetcher 0" daemon [_thread_blocked, id=6784, stack(0x000000a0bfa00000,0x000000a0bfb00000)]

Other Threads:
  0x0000023466ab1cb0 VMThread "VM Thread" [stack: 0x000000a0be800000,0x000000a0be900000] [id=6316]
  0x000002346b1c1e20 WatcherThread [stack: 0x000000a0bf400000,0x000000a0bf500000] [id=9460]
  0x00000234472dca30 GCTaskThread "GC Thread#0" [stack: 0x000000a0be300000,0x000000a0be400000] [id=10708]
=>0x000002346c62e5b0 GCTaskThread "GC Thread#1" [stack: 0x000000a0bfb00000,0x000000a0bfc00000] [id=8776]
  0x000002346c62e870 GCTaskThread "GC Thread#2" [stack: 0x000000a0bff00000,0x000000a0c0000000] [id=11660]
  0x000002346c62eb30 GCTaskThread "GC Thread#3" [stack: 0x000000a0c0000000,0x000000a0c0100000] [id=6192]
  0x00000234472ee620 ConcurrentGCThread "G1 Main Marker" [stack: 0x000000a0be400000,0x000000a0be500000] [id=4364]
  0x00000234472ef6e0 ConcurrentGCThread "G1 Conc#0" [stack: 0x000000a0be500000,0x000000a0be600000] [id=8664]
  0x0000023466970090 ConcurrentGCThread "G1 Refine#0" [stack: 0x000000a0be600000,0x000000a0be700000] [id=4144]
  0x0000023466970870 ConcurrentGCThread "G1 Service" [stack: 0x000000a0be700000,0x000000a0be800000] [id=9472]

Threads with active compile tasks:

VM state: at safepoint (normal execution)

VM Mutex/Monitor currently owned by a thread:  ([mutex/lock_event])
[0x000002344727e4f0] Threads_lock - owner thread: 0x0000023466ab1cb0
[0x000002344727d1d0] Heap_lock - owner thread: 0x000002346b390720

Heap address: 0x0000000081400000, size: 2028 MB, Compressed Oops mode: 32-bit

CDS archive(s) mapped at: [0x0000023400000000-0x0000023400bd0000-0x0000023400bd0000), size 12386304, SharedBaseAddress: 0x0000023400000000, ArchiveRelocationMode: 1.
Compressed class space mapped at: 0x0000023401000000-0x0000023441000000, reserved size: 1073741824
Narrow klass base: 0x0000023400000000, Narrow klass shift: 0, Narrow klass range: 0x100000000

GC Precious Log:
 CPUs: 4 total, 4 available
 Memory: 8110M
 Large Page Support: Disabled
 NUMA Support: Disabled
 Compressed Oops: Enabled (32-bit)
 Heap Region Size: 1M
 Heap Min Capacity: 8M
 Heap Initial Capacity: 128M
 Heap Max Capacity: 2028M
 Pre-touch: Disabled
 Parallel Workers: 4
 Concurrent Workers: 1
 Concurrent Refinement Workers: 4
 Periodic GC: Disabled

Heap:
 garbage-first heap   total 131072K, used 16384K [0x0000000081400000, 0x0000000100000000)
  region size 1024K, 15 young (15360K), 2 survivors (2048K)
 Metaspace       used 11432K, committed 11648K, reserved 1114112K
  class space    used 1299K, committed 1408K, reserved 1048576K

Heap Regions: E=young(eden), S=young(survivor), O=old, HS=humongous(starts), HC=humongous(continues), CS=collection set, F=free, OA=open archive, CA=closed archive, TAMS=top-at-mark-start (previous, next)
|   0|0x0000000081400000, 0x0000000081500000, 0x0000000081500000|100%|HS|  |TAMS 0x0000000081400000, 0x0000000081400000| Complete 
|   1|0x0000000081500000, 0x0000000081600000, 0x0000000081600000|100%|HC|  |TAMS 0x0000000081500000, 0x0000000081500000| Complete 
|   2|0x0000000081600000, 0x0000000081700000, 0x0000000081700000|100%|HC|  |TAMS 0x0000000081600000, 0x0000000081600000| Complete 
|   3|0x0000000081700000, 0x0000000081800000, 0x0000000081800000|100%| O|  |TAMS 0x0000000081700000, 0x0000000081700000| Untracked 
|   4|0x0000000081800000, 0x0000000081900000, 0x0000000081900000|100%| O|  |TAMS 0x0000000081800000, 0x0000000081800000| Untracked 
|   5|0x0000000081900000, 0x000000008190a000, 0x0000000081a00000|  3%| O|  |TAMS 0x0000000081900000, 0x0000000081900000| Untracked 
|   6|0x0000000081a00000, 0x0000000081a00000, 0x0000000081b00000|  0%| F|  |TAMS 0x0000000081a00000, 0x0000000081a00000| Untracked 
|   7|0x0000000081b00000, 0x0000000081b00000, 0x0000000081c00000|  0%| F|  |TAMS 0x0000000081b00000, 0x0000000081b00000| Untracked 
|   8|0x0000000081c00000, 0x0000000081c00000, 0x0000000081d00000|  0%| F|  |TAMS 0x0000000081c00000, 0x0000000081c00000| Untracked 
|   9|0x0000000081d00000, 0x0000000081d00000, 0x0000000081e00000|  0%| F|  |TAMS 0x0000000081d00000, 0x0000000081d00000| Untracked 
|  10|0x0000000081e00000, 0x0000000081e00000, 0x0000000081f00000|  0%| F|  |TAMS 0x0000000081e00000, 0x0000000081e00000| Untracked 
|  11|0x0000000081f00000, 0x0000000081f00000, 0x0000000082000000|  0%| F|  |TAMS 0x0000000081f00000, 0x0000000081f00000| Untracked 
|  12|0x0000000082000000, 0x0000000082000000, 0x0000000082100000|  0%| F|  |TAMS 0x0000000082000000, 0x0000000082000000| Untracked 
|  13|0x0000000082100000, 0x0000000082100000, 0x0000000082200000|  0%| F|  |TAMS 0x0000000082100000, 0x0000000082100000| Untracked 
|  14|0x0000000082200000, 0x0000000082200000, 0x0000000082300000|  0%| F|  |TAMS 0x0000000082200000, 0x0000000082200000| Untracked 
|  15|0x0000000082300000, 0x0000000082300000, 0x0000000082400000|  0%| F|  |TAMS 0x0000000082300000, 0x0000000082300000| Untracked 
|  16|0x0000000082400000, 0x0000000082400000, 0x0000000082500000|  0%| F|  |TAMS 0x0000000082400000, 0x0000000082400000| Untracked 
|  17|0x0000000082500000, 0x0000000082500000, 0x0000000082600000|  0%| F|  |TAMS 0x0000000082500000, 0x0000000082500000| Untracked 
|  18|0x0000000082600000, 0x0000000082600000, 0x0000000082700000|  0%| F|  |TAMS 0x0000000082600000, 0x0000000082600000| Untracked 
|  19|0x0000000082700000, 0x0000000082700000, 0x0000000082800000|  0%| F|  |TAMS 0x0000000082700000, 0x0000000082700000| Untracked 
|  20|0x0000000082800000, 0x0000000082800000, 0x0000000082900000|  0%| F|  |TAMS 0x0000000082800000, 0x0000000082800000| Untracked 
|  21|0x0000000082900000, 0x0000000082900000, 0x0000000082a00000|  0%| F|  |TAMS 0x0000000082900000, 0x0000000082900000| Untracked 
|  22|0x0000000082a00000, 0x0000000082a00000, 0x0000000082b00000|  0%| F|  |TAMS 0x0000000082a00000, 0x0000000082a00000| Untracked 
|  23|0x0000000082b00000, 0x0000000082b00000, 0x0000000082c00000|  0%| F|  |TAMS 0x0000000082b00000, 0x0000000082b00000| Untracked 
|  24|0x0000000082c00000, 0x0000000082c00000, 0x0000000082d00000|  0%| F|  |TAMS 0x0000000082c00000, 0x0000000082c00000| Untracked 
|  25|0x0000000082d00000, 0x0000000082d00000, 0x0000000082e00000|  0%| F|  |TAMS 0x0000000082d00000, 0x0000000082d00000| Untracked 
|  26|0x0000000082e00000, 0x0000000082e00000, 0x0000000082f00000|  0%| F|  |TAMS 0x0000000082e00000, 0x0000000082e00000| Untracked 
|  27|0x0000000082f00000, 0x0000000082f00000, 0x0000000083000000|  0%| F|  |TAMS 0x0000000082f00000, 0x0000000082f00000| Untracked 
|  28|0x0000000083000000, 0x0000000083000000, 0x0000000083100000|  0%| F|  |TAMS 0x0000000083000000, 0x0000000083000000| Untracked 
|  29|0x0000000083100000, 0x0000000083100000, 0x0000000083200000|  0%| F|  |TAMS 0x0000000083100000, 0x0000000083100000| Untracked 
|  30|0x0000000083200000, 0x0000000083200000, 0x0000000083300000|  0%| F|  |TAMS 0x0000000083200000, 0x0000000083200000| Untracked 
|  31|0x0000000083300000, 0x0000000083300000, 0x0000000083400000|  0%| F|  |TAMS 0x0000000083300000, 0x0000000083300000| Untracked 
|  32|0x0000000083400000, 0x0000000083400000, 0x0000000083500000|  0%| F|  |TAMS 0x0000000083400000, 0x0000000083400000| Untracked 
|  33|0x0000000083500000, 0x0000000083500000, 0x0000000083600000|  0%| F|  |TAMS 0x0000000083500000, 0x0000000083500000| Untracked 
|  34|0x0000000083600000, 0x0000000083600000, 0x0000000083700000|  0%| F|  |TAMS 0x0000000083600000, 0x0000000083600000| Untracked 
|  35|0x0000000083700000, 0x0000000083700000, 0x0000000083800000|  0%| F|  |TAMS 0x0000000083700000, 0x0000000083700000| Untracked 
|  36|0x0000000083800000, 0x0000000083800000, 0x0000000083900000|  0%| F|  |TAMS 0x0000000083800000, 0x0000000083800000| Untracked 
|  37|0x0000000083900000, 0x0000000083900000, 0x0000000083a00000|  0%| F|  |TAMS 0x0000000083900000, 0x0000000083900000| Untracked 
|  38|0x0000000083a00000, 0x0000000083a00000, 0x0000000083b00000|  0%| F|  |TAMS 0x0000000083a00000, 0x0000000083a00000| Untracked 
|  39|0x0000000083b00000, 0x0000000083b00000, 0x0000000083c00000|  0%| F|  |TAMS 0x0000000083b00000, 0x0000000083b00000| Untracked 
|  40|0x0000000083c00000, 0x0000000083c00000, 0x0000000083d00000|  0%| F|  |TAMS 0x0000000083c00000, 0x0000000083c00000| Untracked 
|  41|0x0000000083d00000, 0x0000000083d00000, 0x0000000083e00000|  0%| F|  |TAMS 0x0000000083d00000, 0x0000000083d00000| Untracked 
|  42|0x0000000083e00000, 0x0000000083e00000, 0x0000000083f00000|  0%| F|  |TAMS 0x0000000083e00000, 0x0000000083e00000| Untracked 
|  43|0x0000000083f00000, 0x0000000083f00000, 0x0000000084000000|  0%| F|  |TAMS 0x0000000083f00000, 0x0000000083f00000| Untracked 
|  44|0x0000000084000000, 0x0000000084000000, 0x0000000084100000|  0%| F|  |TAMS 0x0000000084000000, 0x0000000084000000| Untracked 
|  45|0x0000000084100000, 0x0000000084100000, 0x0000000084200000|  0%| F|  |TAMS 0x0000000084100000, 0x0000000084100000| Untracked 
|  46|0x0000000084200000, 0x0000000084200000, 0x0000000084300000|  0%| F|  |TAMS 0x0000000084200000, 0x0000000084200000| Untracked 
|  47|0x0000000084300000, 0x0000000084300000, 0x0000000084400000|  0%| F|  |TAMS 0x0000000084300000, 0x0000000084300000| Untracked 
|  48|0x0000000084400000, 0x0000000084400000, 0x0000000084500000|  0%| F|  |TAMS 0x0000000084400000, 0x0000000084400000| Untracked 
|  49|0x0000000084500000, 0x0000000084500000, 0x0000000084600000|  0%| F|  |TAMS 0x0000000084500000, 0x0000000084500000| Untracked 
|  50|0x0000000084600000, 0x0000000084600000, 0x0000000084700000|  0%| F|  |TAMS 0x0000000084600000, 0x0000000084600000| Untracked 
|  51|0x0000000084700000, 0x0000000084700000, 0x0000000084800000|  0%| F|  |TAMS 0x0000000084700000, 0x0000000084700000| Untracked 
|  52|0x0000000084800000, 0x0000000084800000, 0x0000000084900000|  0%| F|  |TAMS 0x0000000084800000, 0x0000000084800000| Untracked 
|  53|0x0000000084900000, 0x0000000084900000, 0x0000000084a00000|  0%| F|  |TAMS 0x0000000084900000, 0x0000000084900000| Untracked 
|  54|0x0000000084a00000, 0x0000000084a00000, 0x0000000084b00000|  0%| F|  |TAMS 0x0000000084a00000, 0x0000000084a00000| Untracked 
|  55|0x0000000084b00000, 0x0000000084b00000, 0x0000000084c00000|  0%| F|  |TAMS 0x0000000084b00000, 0x0000000084b00000| Untracked 
|  56|0x0000000084c00000, 0x0000000084c00000, 0x0000000084d00000|  0%| F|  |TAMS 0x0000000084c00000, 0x0000000084c00000| Untracked 
|  57|0x0000000084d00000, 0x0000000084d00000, 0x0000000084e00000|  0%| F|  |TAMS 0x0000000084d00000, 0x0000000084d00000| Untracked 
|  58|0x0000000084e00000, 0x0000000084e00000, 0x0000000084f00000|  0%| F|  |TAMS 0x0000000084e00000, 0x0000000084e00000| Untracked 
|  59|0x0000000084f00000, 0x0000000084f00000, 0x0000000085000000|  0%| F|  |TAMS 0x0000000084f00000, 0x0000000084f00000| Untracked 
|  60|0x0000000085000000, 0x0000000085000000, 0x0000000085100000|  0%| F|  |TAMS 0x0000000085000000, 0x0000000085000000| Untracked 
|  61|0x0000000085100000, 0x0000000085100000, 0x0000000085200000|  0%| F|  |TAMS 0x0000000085100000, 0x0000000085100000| Untracked 
|  62|0x0000000085200000, 0x0000000085200000, 0x0000000085300000|  0%| F|  |TAMS 0x0000000085200000, 0x0000000085200000| Untracked 
|  63|0x0000000085300000, 0x0000000085300000, 0x0000000085400000|  0%| F|  |TAMS 0x0000000085300000, 0x0000000085300000| Untracked 
|  64|0x0000000085400000, 0x0000000085400000, 0x0000000085500000|  0%| F|  |TAMS 0x0000000085400000, 0x0000000085400000| Untracked 
|  65|0x0000000085500000, 0x0000000085500000, 0x0000000085600000|  0%| F|  |TAMS 0x0000000085500000, 0x0000000085500000| Untracked 
|  66|0x0000000085600000, 0x0000000085600000, 0x0000000085700000|  0%| F|  |TAMS 0x0000000085600000, 0x0000000085600000| Untracked 
|  67|0x0000000085700000, 0x0000000085700000, 0x0000000085800000|  0%| F|  |TAMS 0x0000000085700000, 0x0000000085700000| Untracked 
|  68|0x0000000085800000, 0x0000000085800000, 0x0000000085900000|  0%| F|  |TAMS 0x0000000085800000, 0x0000000085800000| Untracked 
|  69|0x0000000085900000, 0x0000000085900000, 0x0000000085a00000|  0%| F|  |TAMS 0x0000000085900000, 0x0000000085900000| Untracked 
|  70|0x0000000085a00000, 0x0000000085a00000, 0x0000000085b00000|  0%| F|  |TAMS 0x0000000085a00000, 0x0000000085a00000| Untracked 
|  71|0x0000000085b00000, 0x0000000085b00000, 0x0000000085c00000|  0%| F|  |TAMS 0x0000000085b00000, 0x0000000085b00000| Untracked 
|  72|0x0000000085c00000, 0x0000000085c00000, 0x0000000085d00000|  0%| F|  |TAMS 0x0000000085c00000, 0x0000000085c00000| Untracked 
|  73|0x0000000085d00000, 0x0000000085d00000, 0x0000000085e00000|  0%| F|  |TAMS 0x0000000085d00000, 0x0000000085d00000| Untracked 
|  74|0x0000000085e00000, 0x0000000085e00000, 0x0000000085f00000|  0%| F|  |TAMS 0x0000000085e00000, 0x0000000085e00000| Untracked 
|  75|0x0000000085f00000, 0x0000000085f00000, 0x0000000086000000|  0%| F|  |TAMS 0x0000000085f00000, 0x0000000085f00000| Untracked 
|  76|0x0000000086000000, 0x0000000086000000, 0x0000000086100000|  0%| F|  |TAMS 0x0000000086000000, 0x0000000086000000| Untracked 
|  77|0x0000000086100000, 0x0000000086100000, 0x0000000086200000|  0%| F|  |TAMS 0x0000000086100000, 0x0000000086100000| Untracked 
|  78|0x0000000086200000, 0x0000000086200000, 0x0000000086300000|  0%| F|  |TAMS 0x0000000086200000, 0x0000000086200000| Untracked 
|  79|0x0000000086300000, 0x0000000086300000, 0x0000000086400000|  0%| F|  |TAMS 0x0000000086300000, 0x0000000086300000| Untracked 
|  80|0x0000000086400000, 0x0000000086400000, 0x0000000086500000|  0%| F|  |TAMS 0x0000000086400000, 0x0000000086400000| Untracked 
|  81|0x0000000086500000, 0x0000000086500000, 0x0000000086600000|  0%| F|  |TAMS 0x0000000086500000, 0x0000000086500000| Untracked 
|  82|0x0000000086600000, 0x0000000086600000, 0x0000000086700000|  0%| F|  |TAMS 0x0000000086600000, 0x0000000086600000| Untracked 
|  83|0x0000000086700000, 0x0000000086700000, 0x0000000086800000|  0%| F|  |TAMS 0x0000000086700000, 0x0000000086700000| Untracked 
|  84|0x0000000086800000, 0x0000000086800000, 0x0000000086900000|  0%| F|  |TAMS 0x0000000086800000, 0x0000000086800000| Untracked 
|  85|0x0000000086900000, 0x0000000086900000, 0x0000000086a00000|  0%| F|  |TAMS 0x0000000086900000, 0x0000000086900000| Untracked 
|  86|0x0000000086a00000, 0x0000000086a00000, 0x0000000086b00000|  0%| F|  |TAMS 0x0000000086a00000, 0x0000000086a00000| Untracked 
|  87|0x0000000086b00000, 0x0000000086b00000, 0x0000000086c00000|  0%| F|  |TAMS 0x0000000086b00000, 0x0000000086b00000| Untracked 
|  88|0x0000000086c00000, 0x0000000086c00000, 0x0000000086d00000|  0%| F|  |TAMS 0x0000000086c00000, 0x0000000086c00000| Untracked 
|  89|0x0000000086d00000, 0x0000000086d00000, 0x0000000086e00000|  0%| F|  |TAMS 0x0000000086d00000, 0x0000000086d00000| Untracked 
|  90|0x0000000086e00000, 0x0000000086e00000, 0x0000000086f00000|  0%| F|  |TAMS 0x0000000086e00000, 0x0000000086e00000| Untracked 
|  91|0x0000000086f00000, 0x0000000086f00000, 0x0000000087000000|  0%| F|  |TAMS 0x0000000086f00000, 0x0000000086f00000| Untracked 
|  92|0x0000000087000000, 0x0000000087000000, 0x0000000087100000|  0%| F|  |TAMS 0x0000000087000000, 0x0000000087000000| Untracked 
|  93|0x0000000087100000, 0x0000000087100000, 0x0000000087200000|  0%| F|  |TAMS 0x0000000087100000, 0x0000000087100000| Untracked 
|  94|0x0000000087200000, 0x0000000087200000, 0x0000000087300000|  0%| F|  |TAMS 0x0000000087200000, 0x0000000087200000| Untracked 
|  95|0x0000000087300000, 0x0000000087300000, 0x0000000087400000|  0%| F|  |TAMS 0x0000000087300000, 0x0000000087300000| Untracked 
|  96|0x0000000087400000, 0x0000000087400000, 0x0000000087500000|  0%| F|  |TAMS 0x0000000087400000, 0x0000000087400000| Untracked 
|  97|0x0000000087500000, 0x0000000087500000, 0x0000000087600000|  0%| F|  |TAMS 0x0000000087500000, 0x0000000087500000| Untracked 
|  98|0x0000000087600000, 0x0000000087600000, 0x0000000087700000|  0%| F|  |TAMS 0x0000000087600000, 0x0000000087600000| Untracked 
|  99|0x0000000087700000, 0x0000000087700000, 0x0000000087800000|  0%| F|  |TAMS 0x0000000087700000, 0x0000000087700000| Untracked 
| 100|0x0000000087800000, 0x0000000087800000, 0x0000000087900000|  0%| F|  |TAMS 0x0000000087800000, 0x0000000087800000| Untracked 
| 101|0x0000000087900000, 0x0000000087900000, 0x0000000087a00000|  0%| F|  |TAMS 0x0000000087900000, 0x0000000087900000| Untracked 
| 102|0x0000000087a00000, 0x0000000087a00000, 0x0000000087b00000|  0%| F|  |TAMS 0x0000000087a00000, 0x0000000087a00000| Untracked 
| 103|0x0000000087b00000, 0x0000000087b00000, 0x0000000087c00000|  0%| F|  |TAMS 0x0000000087b00000, 0x0000000087b00000| Untracked 
| 104|0x0000000087c00000, 0x0000000087c00000, 0x0000000087d00000|  0%| F|  |TAMS 0x0000000087c00000, 0x0000000087c00000| Untracked 
| 105|0x0000000087d00000, 0x0000000087d00000, 0x0000000087e00000|  0%| F|  |TAMS 0x0000000087d00000, 0x0000000087d00000| Untracked 
| 106|0x0000000087e00000, 0x0000000087e00000, 0x0000000087f00000|  0%| F|  |TAMS 0x0000000087e00000, 0x0000000087e00000| Untracked 
| 107|0x0000000087f00000, 0x0000000087f00000, 0x0000000088000000|  0%| F|  |TAMS 0x0000000087f00000, 0x0000000087f00000| Untracked 
| 108|0x0000000088000000, 0x0000000088000000, 0x0000000088100000|  0%| F|  |TAMS 0x0000000088000000, 0x0000000088000000| Untracked 
| 109|0x0000000088100000, 0x0000000088100000, 0x0000000088200000|  0%| F|  |TAMS 0x0000000088100000, 0x0000000088100000| Untracked 
| 110|0x0000000088200000, 0x0000000088200000, 0x0000000088300000|  0%| F|  |TAMS 0x0000000088200000, 0x0000000088200000| Untracked 
| 111|0x0000000088300000, 0x0000000088300000, 0x0000000088400000|  0%| F|  |TAMS 0x0000000088300000, 0x0000000088300000| Untracked 
| 112|0x0000000088400000, 0x0000000088400000, 0x0000000088500000|  0%| F|  |TAMS 0x0000000088400000, 0x0000000088400000| Untracked 
| 113|0x0000000088500000, 0x0000000088600000, 0x0000000088600000|100%| S|  |TAMS 0x0000000088500000, 0x0000000088500000| Complete 
| 114|0x0000000088600000, 0x0000000088700000, 0x0000000088700000|100%| S|  |TAMS 0x0000000088600000, 0x0000000088600000| Complete 
| 115|0x0000000088700000, 0x0000000088800000, 0x0000000088800000|100%| E|CS|TAMS 0x0000000088700000, 0x0000000088700000| Complete 
| 116|0x0000000088800000, 0x0000000088900000, 0x0000000088900000|100%| E|CS|TAMS 0x0000000088800000, 0x0000000088800000| Complete 
| 117|0x0000000088900000, 0x0000000088a00000, 0x0000000088a00000|100%| E|CS|TAMS 0x0000000088900000, 0x0000000088900000| Complete 
| 118|0x0000000088a00000, 0x0000000088b00000, 0x0000000088b00000|100%| E|CS|TAMS 0x0000000088a00000, 0x0000000088a00000| Complete 
| 119|0x0000000088b00000, 0x0000000088c00000, 0x0000000088c00000|100%| E|CS|TAMS 0x0000000088b00000, 0x0000000088b00000| Complete 
| 120|0x0000000088c00000, 0x0000000088d00000, 0x0000000088d00000|100%| E|CS|TAMS 0x0000000088c00000, 0x0000000088c00000| Complete 
| 121|0x0000000088d00000, 0x0000000088e00000, 0x0000000088e00000|100%| E|CS|TAMS 0x0000000088d00000, 0x0000000088d00000| Complete 
| 122|0x0000000088e00000, 0x0000000088f00000, 0x0000000088f00000|100%| E|CS|TAMS 0x0000000088e00000, 0x0000000088e00000| Complete 
| 123|0x0000000088f00000, 0x0000000089000000, 0x0000000089000000|100%| E|CS|TAMS 0x0000000088f00000, 0x0000000088f00000| Complete 
| 124|0x0000000089000000, 0x0000000089100000, 0x0000000089100000|100%| E|CS|TAMS 0x0000000089000000, 0x0000000089000000| Complete 
| 125|0x0000000089100000, 0x0000000089200000, 0x0000000089200000|100%| E|CS|TAMS 0x0000000089100000, 0x0000000089100000| Complete 
| 126|0x0000000089200000, 0x0000000089300000, 0x0000000089300000|100%| E|CS|TAMS 0x0000000089200000, 0x0000000089200000| Complete 
| 127|0x0000000089300000, 0x0000000089400000, 0x0000000089400000|100%| E|CS|TAMS 0x0000000089300000, 0x0000000089300000| Complete 

Card table byte_map: [0x000002345fd60000,0x0000023460160000] _byte_map_base: 0x000002345f956000

Marking Bits (Prev, Next): (CMBitMap*) 0x00000234472ddf70, (CMBitMap*) 0x00000234472ddfb0
 Prev Bits: [0x0000023460560000, 0x0000023462510000)
 Next Bits: [0x0000023462510000, 0x00000234644c0000)

Polling page: 0x00000234470f0000

Metaspace:

Usage:
  Non-class:      9.90 MB used.
      Class:      1.27 MB used.
       Both:     11.16 MB used.

Virtual space:
  Non-class space:       64.00 MB reserved,      10.00 MB ( 16%) committed,  1 nodes.
      Class space:        1.00 GB reserved,       1.38 MB ( <1%) committed,  1 nodes.
             Both:        1.06 GB reserved,      11.38 MB (  1%) committed. 

Chunk freelists:
   Non-Class:  6.01 MB
       Class:  14.60 MB
        Both:  20.61 MB

MaxMetaspaceSize: unlimited
CompressedClassSpaceSize: 1.00 GB
Initial GC threshold: 21.00 MB
Current GC threshold: 21.00 MB
CDS: on
MetaspaceReclaimPolicy: balanced
 - commit_granule_bytes: 65536.
 - commit_granule_words: 8192.
 - virtual_space_node_default_size: 8388608.
 - enlarge_chunks_in_place: 1.
 - new_chunks_are_fully_committed: 0.
 - uncommit_free_chunks: 1.
 - use_allocation_guard: 0.
 - handle_deallocations: 1.


Internal statistics:

num_allocs_failed_limit: 0.
num_arena_births: 120.
num_arena_deaths: 0.
num_vsnodes_births: 2.
num_vsnodes_deaths: 0.
num_space_committed: 182.
num_space_uncommitted: 0.
num_chunks_returned_to_freelist: 0.
num_chunks_taken_from_freelist: 171.
num_chunk_merges: 0.
num_chunk_splits: 95.
num_chunks_enlarged: 37.
num_inconsistent_stats: 0.

CodeHeap 'non-profiled nmethods': size=120000Kb used=431Kb max_used=431Kb free=119568Kb
 bounds [0x0000023457e10000, 0x0000023458080000, 0x000002345f340000]
CodeHeap 'profiled nmethods': size=120000Kb used=2793Kb max_used=2793Kb free=117206Kb
 bounds [0x0000023450340000, 0x0000023450600000, 0x0000023457870000]
CodeHeap 'non-nmethods': size=5760Kb used=1326Kb max_used=1334Kb free=4433Kb
 bounds [0x0000023457870000, 0x0000023457ae0000, 0x0000023457e10000]
 total_blobs=2253 nmethods=1593 adapters=572
 compilation: enabled
              stopped_count=0, restarted_count=0
 full_count=0

Compilation events (20 events):
Event: 5.562 Thread 0x0000023466ad9ee0 1584       1       java.security.AccessControlContext::getContext (5 bytes)
Event: 5.563 Thread 0x0000023466ad9ee0 nmethod 1584 0x0000023457e7b890 code [0x0000023457e7ba20, 0x0000023457e7baf8]
Event: 5.567 Thread 0x0000023466ad9ee0 1585       3       sun.java2d.marlin.Helpers::outcode (70 bytes)
Event: 5.568 Thread 0x0000023466ad9ee0 nmethod 1585 0x00000234505f4190 code [0x00000234505f4340, 0x00000234505f46b8]
Event: 5.568 Thread 0x0000023466ad9ee0 1586       3       java.awt.geom.Path2D$Iterator::isDone (20 bytes)
Event: 5.568 Thread 0x0000023466ad9ee0 nmethod 1586 0x00000234505f4810 code [0x00000234505f49a0, 0x00000234505f4b18]
Event: 5.570 Thread 0x0000023466ad9ee0 1587       3       java.awt.geom.AffineTransform::scale (285 bytes)
Event: 5.573 Thread 0x0000023466ad9ee0 nmethod 1587 0x00000234505f4c10 code [0x00000234505f4e60, 0x00000234505f5708]
Event: 5.573 Thread 0x0000023466ad9ee0 1588       3       sun.java2d.pipe.DrawImage::tryCopyOrScale (260 bytes)
Event: 5.578 Thread 0x0000023466ad9ee0 nmethod 1588 0x00000234505f5890 code [0x00000234505f5be0, 0x00000234505f6c18]
Event: 5.578 Thread 0x0000023466ad9ee0 1591       3       javax.swing.ArrayTable::get (80 bytes)
Event: 5.580 Thread 0x0000023466ad9ee0 nmethod 1591 0x00000234505f7110 code [0x00000234505f7300, 0x00000234505f7af8]
Event: 5.580 Thread 0x0000023466ad9ee0 1590       3       java.util.concurrent.locks.ReentrantLock$NonfairSync::initialTryLock (58 bytes)
Event: 5.581 Thread 0x0000023466ad9ee0 nmethod 1590 0x00000234505f7d10 code [0x00000234505f7ee0, 0x00000234505f82f8]
Event: 5.581 Thread 0x0000023466ad9ee0 1592       3       sun.java2d.SunGraphics2D::setRenderingHint (539 bytes)
Event: 5.586 Thread 0x0000023466ad9ee0 nmethod 1592 0x00000234505f8410 code [0x00000234505f86e0, 0x00000234505f9bd8]
Event: 5.586 Thread 0x0000023466ad9ee0 1589       3       java.awt.Container::invalidate (29 bytes)
Event: 5.587 Thread 0x0000023466ad9ee0 nmethod 1589 0x00000234505f9f90 code [0x00000234505fa160, 0x00000234505fa5d8]
Event: 5.587 Thread 0x0000023466ad9ee0 1593       1       javax.swing.JComboBox::isEditable (5 bytes)
Event: 5.588 Thread 0x0000023466ad9ee0 nmethod 1593 0x0000023457e7bb90 code [0x0000023457e7bd20, 0x0000023457e7bdf8]

GC Heap History (1 events):
Event: 5.590 GC heap before
{Heap before GC invocations=0 (full 0):
 garbage-first heap   total 131072K, used 15360K [0x0000000081400000, 0x0000000100000000)
  region size 1024K, 13 young (13312K), 0 survivors (0K)
 Metaspace       used 11432K, committed 11648K, reserved 1114112K
  class space    used 1299K, committed 1408K, reserved 1048576K
}

Deoptimization events (20 events):
Event: 0.782 Thread 0x000002346c37cb60 DEOPT PACKING pc=0x0000023457e497f4 sp=0x000000a0bfafece0
Event: 0.782 Thread 0x000002346c37cb60 DEOPT UNPACKING pc=0x00000234578c23a3 sp=0x000000a0bfafecc0 mode 2
Event: 0.823 Thread 0x000002346b390720 Uncommon trap: trap_request=0xffffff45 fr.pc=0x0000023457e4d680 relative=0x00000000000000e0
Event: 0.823 Thread 0x000002346b390720 Uncommon trap: reason=unstable_if action=reinterpret pc=0x0000023457e4d680 method=jdk.internal.jimage.ImageStringsReader.unmaskedHashCode(Ljava/lang/String;I)I @ 29 c2
Event: 0.823 Thread 0x000002346b390720 DEOPT PACKING pc=0x0000023457e4d680 sp=0x000000a0bf8fe1b0
Event: 0.823 Thread 0x000002346b390720 DEOPT UNPACKING pc=0x00000234578c23a3 sp=0x000000a0bf8fe120 mode 2
Event: 0.977 Thread 0x000002346b390720 Uncommon trap: trap_request=0xffffffde fr.pc=0x0000023457e3a47c relative=0x00000000000009dc
Event: 0.977 Thread 0x000002346b390720 Uncommon trap: reason=class_check action=maybe_recompile pc=0x0000023457e3a47c method=java.util.HashMap.putVal(ILjava/lang/Object;Ljava/lang/Object;ZZ)Ljava/lang/Object; @ 203 c2
Event: 0.977 Thread 0x000002346b390720 DEOPT PACKING pc=0x0000023457e3a47c sp=0x000000a0bf8fc7d0
Event: 0.977 Thread 0x000002346b390720 DEOPT UNPACKING pc=0x00000234578c23a3 sp=0x000000a0bf8fc708 mode 2
Event: 1.023 Thread 0x000002346b390720 Uncommon trap: trap_request=0xffffff45 fr.pc=0x0000023457e587f0 relative=0x00000000000004b0
Event: 1.023 Thread 0x000002346b390720 Uncommon trap: reason=unstable_if action=reinterpret pc=0x0000023457e587f0 method=java.lang.StringLatin1.toLowerCase(Ljava/lang/String;[BLjava/util/Locale;)Ljava/lang/String; @ 43 c2
Event: 1.023 Thread 0x000002346b390720 DEOPT PACKING pc=0x0000023457e587f0 sp=0x000000a0bf8fd230
Event: 1.023 Thread 0x000002346b390720 DEOPT UNPACKING pc=0x00000234578c23a3 sp=0x000000a0bf8fd1a0 mode 2
Event: 3.734 Thread 0x000002346b390720 Uncommon trap: trap_request=0xffffff45 fr.pc=0x0000023457e707a4 relative=0x00000000000002c4
Event: 3.734 Thread 0x000002346b390720 Uncommon trap: reason=unstable_if action=reinterpret pc=0x0000023457e707a4 method=java.awt.MultipleGradientPaintContext.indexIntoGradientsArrays(F)I @ 13 c2
Event: 3.734 Thread 0x000002346b390720 DEOPT PACKING pc=0x0000023457e707a4 sp=0x000000a0bf8fc9b0
Event: 3.734 Thread 0x000002346b390720 DEOPT UNPACKING pc=0x00000234578c23a3 sp=0x000000a0bf8fc938 mode 2
Event: 3.828 Thread 0x000002346b390720 DEOPT PACKING pc=0x00000234505cf809 sp=0x000000a0bf8fce20
Event: 3.828 Thread 0x000002346b390720 DEOPT UNPACKING pc=0x00000234578c2b43 sp=0x000000a0bf8fc2a8 mode 0

Classes unloaded (0 events):
No events

Classes redefined (0 events):
No events

Internal exceptions (20 events):
Event: 0.514 Thread 0x0000023447282790 Exception <a 'java/lang/ClassNotFoundException'{0x0000000088f86370}: ToolBar> (0x0000000088f86370) 
thrown [s\open\src\hotspot\share\classfile\systemDictionary.cpp, line 256]
Event: 0.514 Thread 0x0000023447282790 Exception <a 'java/lang/ClassNotFoundException'{0x0000000088f86868}: ToolBar> (0x0000000088f86868) 
thrown [s\open\src\hotspot\share\classfile\systemDictionary.cpp, line 256]
Event: 0.514 Thread 0x0000023447282790 Exception <a 'java/lang/ClassNotFoundException'{0x0000000088f86bc8}: Button> (0x0000000088f86bc8) 
thrown [s\open\src\hotspot\share\classfile\systemDictionary.cpp, line 256]
Event: 0.515 Thread 0x0000023447282790 Exception <a 'java/lang/ClassNotFoundException'{0x0000000088f87090}: ToolBar> (0x0000000088f87090) 
thrown [s\open\src\hotspot\share\classfile\systemDictionary.cpp, line 256]
Event: 0.515 Thread 0x0000023447282790 Exception <a 'java/lang/ClassNotFoundException'{0x0000000088f87400}: ToggleButton> (0x0000000088f87400) 
thrown [s\open\src\hotspot\share\classfile\systemDictionary.cpp, line 256]
Event: 0.515 Thread 0x0000023447282790 Exception <a 'java/lang/ClassNotFoundException'{0x0000000088f87840}: javax/swing/JToolBarSeparator> (0x0000000088f87840) 
thrown [s\open\src\hotspot\share\classfile\systemDictionary.cpp, line 256]
Event: 0.515 Thread 0x0000023447282790 Exception <a 'java/lang/ClassNotFoundException'{0x0000000088f87b48}: ToolBarSeparator> (0x0000000088f87b48) 
thrown [s\open\src\hotspot\share\classfile\systemDictionary.cpp, line 256]
Event: 0.515 Thread 0x0000023447282790 Exception <a 'java/lang/ClassNotFoundException'{0x0000000088f88060}: ToolTip> (0x0000000088f88060) 
thrown [s\open\src\hotspot\share\classfile\systemDictionary.cpp, line 256]
Event: 0.516 Thread 0x0000023447282790 Exception <a 'java/lang/ClassNotFoundException'{0x0000000088f889b0}: Tree> (0x0000000088f889b0) 
thrown [s\open\src\hotspot\share\classfile\systemDictionary.cpp, line 256]
Event: 0.516 Thread 0x0000023447282790 Exception <a 'java/lang/ClassNotFoundException'{0x0000000088f88ea8}: Tree> (0x0000000088f88ea8) 
thrown [s\open\src\hotspot\share\classfile\systemDictionary.cpp, line 256]
Event: 0.516 Thread 0x0000023447282790 Exception <a 'java/lang/ClassNotFoundException'{0x0000000088f89218}: javax/swing/JTreeCell> (0x0000000088f89218) 
thrown [s\open\src\hotspot\share\classfile\systemDictionary.cpp, line 256]
Event: 0.516 Thread 0x0000023447282790 Exception <a 'java/lang/ClassNotFoundException'{0x0000000088f89518}: TreeCell> (0x0000000088f89518) 
thrown [s\open\src\hotspot\share\classfile\systemDictionary.cpp, line 256]
Event: 0.517 Thread 0x0000023447282790 Exception <a 'java/lang/ClassNotFoundException'{0x0000000088f89cd8}: RootPane> (0x0000000088f89cd8) 
thrown [s\open\src\hotspot\share\classfile\systemDictionary.cpp, line 256]
Event: 0.519 Thread 0x0000023447282790 Exception <a 'java/lang/ClassNotFoundException'{0x0000000088f8cb28}: com/sun/swing/internal/plaf/metal/resources/spi/metalProvider> (0x0000000088f8cb28) 
thrown [s\open\src\hotspot\share\classfile\systemDictionary.cpp, line 256]
Event: 0.520 Thread 0x0000023447282790 Exception <a 'java/lang/ClassNotFoundException'{0x0000000088f906f8}: com/sun/swing/internal/plaf/basic/resources/spi/basicProvider> (0x0000000088f906f8) 
thrown [s\open\src\hotspot\share\classfile\systemDictionary.cpp, line 256]
Event: 0.554 Thread 0x000002346b390720 Exception <a 'java/lang/ClassNotFoundException'{0x0000000088e57d30}: com/sun/swing/internal/plaf/synth/resources/spi/synthProvider> (0x0000000088e57d30) 
thrown [s\open\src\hotspot\share\classfile\systemDictionary.cpp, line 256]
Event: 0.660 Thread 0x000002346b390720 Implicit null exception at 0x0000023457e2f40f to 0x0000023457e2f489
Event: 0.787 Thread 0x000002346c37cb60 Exception <a 'java/lang/NoSuchMethodError'{0x0000000088cbeb08}: 'java.lang.Object java.lang.invoke.DirectMethodHandle$Holder.newInvokeSpecial(java.lang.Object, java.lang.Object, java.lang.Object, int, int, int, int, int)'> (0x0000000088cbeb08) 
thrown [s\open\src\hotspot\share\interpreter\linkResolver.cpp, line 759]
Event: 0.864 Thread 0x000002346b17f460 Exception <a 'java/lang/NoSuchMethodError'{0x00000000891d78a0}: 'void java.lang.invoke.DirectMethodHandle$Holder.invokeVirtual(java.lang.Object, java.lang.Object)'> (0x00000000891d78a0) 
thrown [s\open\src\hotspot\share\interpreter\linkResolver.cpp, line 759]
Event: 0.885 Thread 0x000002346b390720 Exception <a 'java/lang/NoSuchMethodError'{0x0000000088b97608}: 'void java.lang.invoke.DirectMethodHandle$Holder.invokeStaticInit(java.lang.Object)'> (0x0000000088b97608) 
thrown [s\open\src\hotspot\share\interpreter\linkResolver.cpp, line 759]

VM Operations (20 events):
Event: 0.657 Executing VM operation: HandshakeAllThreads done
Event: 0.992 Executing VM operation: HandshakeAllThreads
Event: 0.992 Executing VM operation: HandshakeAllThreads done
Event: 1.058 Executing VM operation: HandshakeAllThreads
Event: 1.058 Executing VM operation: HandshakeAllThreads done
Event: 1.058 Executing VM operation: Cleanup
Event: 1.058 Executing VM operation: Cleanup done
Event: 1.305 Executing VM operation: HandshakeAllThreads
Event: 1.305 Executing VM operation: HandshakeAllThreads done
Event: 1.317 Executing VM operation: HandshakeAllThreads
Event: 1.317 Executing VM operation: HandshakeAllThreads done
Event: 1.401 Executing VM operation: HandshakeAllThreads
Event: 1.402 Executing VM operation: HandshakeAllThreads done
Event: 2.401 Executing VM operation: Cleanup
Event: 2.401 Executing VM operation: Cleanup done
Event: 3.407 Executing VM operation: Cleanup
Event: 3.407 Executing VM operation: Cleanup done
Event: 4.414 Executing VM operation: Cleanup
Event: 4.414 Executing VM operation: Cleanup done
Event: 5.589 Executing VM operation: G1CollectForAllocation

Events (20 events):
Event: 1.421 loading class sun/awt/im/CompositionAreaHandler done
Event: 1.421 loading class java/text/AttributedString
Event: 1.422 loading class java/text/AttributedString done
Event: 1.422 loading class java/text/AttributedString$AttributedStringIterator
Event: 1.422 loading class java/text/AttributedCharacterIterator
Event: 1.422 loading class java/text/AttributedCharacterIterator done
Event: 1.422 loading class java/text/AttributedString$AttributedStringIterator done
Event: 1.451 loading class java/util/concurrent/locks/AbstractQueuedSynchronizer$ConditionNode
Event: 1.451 loading class java/util/concurrent/ForkJoinPool$ManagedBlocker
Event: 1.451 loading class java/util/concurrent/ForkJoinPool$ManagedBlocker done
Event: 1.451 loading class java/util/concurrent/locks/AbstractQueuedSynchronizer$Node
Event: 1.451 loading class java/util/concurrent/locks/AbstractQueuedSynchronizer$Node done
Event: 1.451 loading class java/util/concurrent/locks/AbstractQueuedSynchronizer$ConditionNode done
Event: 2.717 loading class java/util/concurrent/locks/AbstractQueuedSynchronizer$ExclusiveNode
Event: 2.718 loading class java/util/concurrent/locks/AbstractQueuedSynchronizer$ExclusiveNode done
Event: 2.721 Thread 0x000002346c38a5f0 Thread exited: 0x000002346c38a5f0
Event: 2.746 loading class java/awt/LightweightDispatcher$2
Event: 2.746 loading class java/awt/LightweightDispatcher$2 done
Event: 3.709 loading class javax/swing/RepaintManager$3
Event: 3.709 loading class javax/swing/RepaintManager$3 done


Dynamic libraries:
0x00007ff661090000 - 0x00007ff6610a0000 	C:\Program Files\Java\jdk-17\bin\java.exe
0x00007ffdeb790000 - 0x00007ffdeb988000 	C:\Windows\SYSTEM32\ntdll.dll
0x00007ffdeb470000 - 0x00007ffdeb532000 	C:\Windows\System32\KERNEL32.DLL
0x00007ffde9070000 - 0x00007ffde936f000 	C:\Windows\System32\KERNELBASE.dll
0x00007ffde94f0000 - 0x00007ffde95f0000 	C:\Windows\System32\ucrtbase.dll
0x00007ffde4000000 - 0x00007ffde4019000 	C:\Program Files\Java\jdk-17\bin\jli.dll
0x00007ffde97b0000 - 0x00007ffde985f000 	C:\Windows\System32\ADVAPI32.dll
0x00007ffdeaa80000 - 0x00007ffdeab1e000 	C:\Windows\System32\msvcrt.dll
0x00007ffde99a0000 - 0x00007ffde9a3f000 	C:\Windows\System32\sechost.dll
0x00007ffde9870000 - 0x00007ffde9993000 	C:\Windows\System32\RPCRT4.dll
0x00007ffde9410000 - 0x00007ffde9437000 	C:\Windows\System32\bcrypt.dll
0x00007ffdeaec0000 - 0x00007ffdeb05d000 	C:\Windows\System32\USER32.dll
0x00007ffde95f0000 - 0x00007ffde9612000 	C:\Windows\System32\win32u.dll
0x00007ffdeb070000 - 0x00007ffdeb09b000 	C:\Windows\System32\GDI32.dll
0x00007ffde9620000 - 0x00007ffde973a000 	C:\Windows\System32\gdi32full.dll
0x00007ffde9370000 - 0x00007ffde940d000 	C:\Windows\System32\msvcp_win.dll
0x00007ffde3620000 - 0x00007ffde363b000 	C:\Program Files\Java\jdk-17\bin\VCRUNTIME140.dll
0x00007ffdd7da0000 - 0x00007ffdd803a000 	C:\Windows\WinSxS\amd64_microsoft.windows.common-controls_6595b64144ccf1df_6.0.19041.4355_none_60b8b9eb71f62e16\COMCTL32.dll
0x00007ffdda4a0000 - 0x00007ffdda4aa000 	C:\Windows\SYSTEM32\VERSION.dll
0x00007ffdea9f0000 - 0x00007ffdeaa1f000 	C:\Windows\System32\IMM32.DLL
0x00007ffde3610000 - 0x00007ffde361c000 	C:\Program Files\Java\jdk-17\bin\vcruntime140_1.dll
0x00007ffd9a6c0000 - 0x00007ffd9a74e000 	C:\Program Files\Java\jdk-17\bin\msvcp140.dll
0x00007ffd9a8f0000 - 0x00007ffd9b4d0000 	C:\Program Files\Java\jdk-17\bin\server\jvm.dll
0x00007ffdeb060000 - 0x00007ffdeb068000 	C:\Windows\System32\PSAPI.DLL
0x00007ffde60e0000 - 0x00007ffde60e9000 	C:\Windows\SYSTEM32\WSOCK32.dll
0x00007ffdeae30000 - 0x00007ffdeae9b000 	C:\Windows\System32\WS2_32.dll
0x00007ffde3500000 - 0x00007ffde3527000 	C:\Windows\SYSTEM32\WINMM.dll
0x00007ffde6cb0000 - 0x00007ffde6cc2000 	C:\Windows\SYSTEM32\kernel.appcore.dll
0x00007ffde3590000 - 0x00007ffde359a000 	C:\Program Files\Java\jdk-17\bin\jimage.dll
0x00007ffdd7490000 - 0x00007ffdd7674000 	C:\Windows\SYSTEM32\DBGHELP.DLL
0x00007ffdd70d0000 - 0x00007ffdd7104000 	C:\Windows\SYSTEM32\dbgcore.DLL
0x00007ffde8f90000 - 0x00007ffde9012000 	C:\Windows\System32\bcryptPrimitives.dll
0x00007ffde35a0000 - 0x00007ffde35c5000 	C:\Program Files\Java\jdk-17\bin\java.dll
0x00007ffdcc0e0000 - 0x00007ffdcc1b7000 	C:\Program Files\Java\jdk-17\bin\jsvml.dll
0x00007ffdea0d0000 - 0x00007ffdea83d000 	C:\Windows\System32\SHELL32.dll
0x00007ffde6eb0000 - 0x00007ffde7654000 	C:\Windows\SYSTEM32\windows.storage.dll
0x00007ffdeb100000 - 0x00007ffdeb455000 	C:\Windows\System32\combase.dll
0x00007ffde8790000 - 0x00007ffde87bb000 	C:\Windows\SYSTEM32\Wldp.dll
0x00007ffde9a40000 - 0x00007ffde9b0d000 	C:\Windows\System32\OLEAUT32.dll
0x00007ffdead80000 - 0x00007ffdeae2d000 	C:\Windows\System32\SHCORE.dll
0x00007ffdeaa20000 - 0x00007ffdeaa75000 	C:\Windows\System32\shlwapi.dll
0x00007ffde8d60000 - 0x00007ffde8d85000 	C:\Windows\SYSTEM32\profapi.dll
0x00007ffde3540000 - 0x00007ffde3559000 	C:\Program Files\Java\jdk-17\bin\net.dll
0x00007ffddfff0000 - 0x00007ffde00fa000 	C:\Windows\SYSTEM32\WINHTTP.dll
0x00007ffde84f0000 - 0x00007ffde855c000 	C:\Windows\system32\mswsock.dll
0x00007ffddd4f0000 - 0x00007ffddd506000 	C:\Program Files\Java\jdk-17\bin\nio.dll
0x00007ffddd4d0000 - 0x00007ffddd4e8000 	C:\Program Files\Java\jdk-17\bin\zip.dll
0x00007ffd9a750000 - 0x00007ffd9a8e1000 	C:\Program Files\Java\jdk-17\bin\awt.dll
0x00007ffde5590000 - 0x00007ffde5624000 	C:\Windows\SYSTEM32\apphelp.dll
0x00007ffde6770000 - 0x00007ffde680e000 	C:\Windows\system32\uxtheme.dll
0x00007ffdea8d0000 - 0x00007ffdea9e5000 	C:\Windows\System32\MSCTF.dll
0x00007ffdeab20000 - 0x00007ffdeac4b000 	C:\Windows\System32\ole32.dll
0x00007ffde68b0000 - 0x00007ffde68df000 	C:\Windows\system32\DWMAPI.DLL
0x00007ffd97950000 - 0x00007ffd979d7000 	C:\Program Files\Java\jdk-17\bin\freetype.dll
0x00007ffd97860000 - 0x00007ffd97941000 	C:\Program Files\Java\jdk-17\bin\fontmanager.dll
0x00007ffddb090000 - 0x00007ffddb1b8000 	C:\Windows\system32\opengl32.dll
0x00007ffde28f0000 - 0x00007ffde291c000 	C:\Windows\SYSTEM32\GLU32.dll
0x00007ffdeac50000 - 0x00007ffdeacf9000 	C:\Windows\System32\clbcatq.dll
0x00007ffde6510000 - 0x00007ffde66c4000 	C:\Windows\SYSTEM32\WindowsCodecs.dll
0x00007ffdd8230000 - 0x00007ffdd826e000 	C:\Windows\system32\dataexchange.dll
0x00007ffde4960000 - 0x00007ffde4b44000 	C:\Windows\system32\dcomp.dll
0x00007ffde3af0000 - 0x00007ffde3d53000 	C:\Windows\system32\d3d11.dll
0x00007ffde76c0000 - 0x00007ffde77b6000 	C:\Windows\system32\dxgi.dll
0x00007ffde29c0000 - 0x00007ffde2bc3000 	C:\Windows\system32\twinapi.appcore.dll
0x00007ffde58a0000 - 0x00007ffde5999000 	C:\Windows\SYSTEM32\textinputframework.dll
0x00007ffde4cf0000 - 0x00007ffde4de2000 	C:\Windows\System32\CoreMessaging.dll
0x00007ffde4600000 - 0x00007ffde495b000 	C:\Windows\System32\CoreUIComponents.dll
0x00007ffde8060000 - 0x00007ffde8093000 	C:\Windows\SYSTEM32\ntmarta.dll
0x00007ffde5e50000 - 0x00007ffde5fa7000 	C:\Windows\SYSTEM32\wintypes.dll

dbghelp: loaded successfully - version: 4.0.5 - missing functions: none
symbol engine: initialized successfully - sym options: 0x614 - pdb path: .;C:\Program Files\Java\jdk-17\bin;C:\Windows\SYSTEM32;C:\Windows\WinSxS\amd64_microsoft.windows.common-controls_6595b64144ccf1df_6.0.19041.4355_none_60b8b9eb71f62e16;C:\Program Files\Java\jdk-17\bin\server

VM Arguments:
jvm_args: -Dfile.encoding=UTF-8 --module-path=C:\Users\Adrian\Documents\NetBeansProjects\JaoSalud\build\classes 
java_command: View.Recepcionista
java_class_path (initial): C:\Program Files\NetBeans-24\netbeans\java\modules\ext\AbsoluteLayout.jar;C:\Users\Adrian\Documents\NetBeansProjects\JaoSalud\build\classes
Launcher Type: SUN_STANDARD

[Global flags]
     intx CICompilerCount                          = 3                                         {product} {ergonomic}
     uint ConcGCThreads                            = 1                                         {product} {ergonomic}
     uint G1ConcRefinementThreads                  = 4                                         {product} {ergonomic}
   size_t G1HeapRegionSize                         = 1048576                                   {product} {ergonomic}
    uintx GCDrainStackTargetSize                   = 64                                        {product} {ergonomic}
   size_t InitialHeapSize                          = 134217728                                 {product} {ergonomic}
   size_t MarkStackSize                            = 4194304                                   {product} {ergonomic}
   size_t MaxHeapSize                              = 2126512128                                {product} {ergonomic}
   size_t MaxNewSize                               = 1275068416                                {product} {ergonomic}
   size_t MinHeapDeltaBytes                        = 1048576                                   {product} {ergonomic}
   size_t MinHeapSize                              = 8388608                                   {product} {ergonomic}
    uintx NonNMethodCodeHeapSize                   = 5832780                                {pd product} {ergonomic}
    uintx NonProfiledCodeHeapSize                  = 122912730                              {pd product} {ergonomic}
    uintx ProfiledCodeHeapSize                     = 122912730                              {pd product} {ergonomic}
    uintx ReservedCodeCacheSize                    = 251658240                              {pd product} {ergonomic}
     bool SegmentedCodeCache                       = true                                      {product} {ergonomic}
   size_t SoftMaxHeapSize                          = 2126512128                             {manageable} {ergonomic}
     bool UseCompressedClassPointers               = true                           {product lp64_product} {ergonomic}
     bool UseCompressedOops                        = true                           {product lp64_product} {ergonomic}
     bool UseG1GC                                  = true                                      {product} {ergonomic}
     bool UseLargePagesIndividualAllocation        = false                                  {pd product} {ergonomic}

Logging:
Log output configuration:
 #0: stdout all=warning uptime,level,tags
 #1: stderr all=off uptime,level,tags

Environment Variables:
PATH=C:\Program Files\Common Files\Oracle\Java\javapath;C:\Windows\system32;C:\Windows;C:\Windows\System32\Wbem;C:\Windows\System32\WindowsPowerShell\v1.0\;C:\Windows\System32\OpenSSH\;C:\Program Files\dotnet\;C:\Program Files\Git\cmd;C:\Users\Adrian\AppData\Local\Programs\Python\Python313\Scripts\;C:\Users\Adrian\AppData\Local\Programs\Python\Python313\;C:\Users\Adrian\AppData\Local\Microsoft\WindowsApps;C:\Users\Adrian\AppData\Local\Programs\Microsoft VS Code\bin;C:\Users\Adrian\.dotnet\tools
USERNAME=Adrian
OS=Windows_NT
PROCESSOR_IDENTIFIER=Intel64 Family 6 Model 61 Stepping 4, GenuineIntel



---------------  S Y S T E M  ---------------

OS:
 Windows 10 , 64 bit Build 19041 (10.0.19041.5438)
OS uptime: 2 days 0:57 hours

CPU: total 4 (initial active 4) (2 cores per cpu, 2 threads per core) family 6 model 61 stepping 4 microcode 0x2d, cx8, cmov, fxsr, ht, mmx, 3dnowpref, sse, sse2, sse3, ssse3, sse4.1, sse4.2, popcnt, lzcnt, tsc, tscinvbit, avx, avx2, aes, erms, clmul, bmi1, bmi2, adx, fma, vzeroupper, clflush

Memory: 4k page, system-wide physical 8110M (2629M free)
TotalPageFile size 9390M (AvailPageFile size 2427M)
current process WorkingSet (physical memory assigned to process): 81M, peak: 81M
current process commit charge ("private bytes"): 222M, peak: 225M

vm_info: Java HotSpot(TM) 64-Bit Server VM (17.0.12+8-LTS-286) for windows-amd64 JRE (17.0.12+8-LTS-286), built on Jun  5 2024 06:46:59 by "mach5one" with MS VC++ 17.6 (VS2022)

END.
